<?xml version="1.0" encoding="UTF-8"?>
<!-- Generated by org.testng.reporters.JUnitReportReporter -->
<testsuite skipped="0" hostname="EPBYMINW2706" name="com.epam.cdp.cal.tests.SumCalculatorTest" tests="8" failures="0" timestamp="28 May 2019 10:34:47 GMT" time="2.069" errors="0">
  <testcase name="onePlusTwoTest" time="0.000" classname="com.epam.cdp.cal.tests.SumCalculatorTest"/>
  <testcase name="onePlusTwoTest" time="0.000" classname="com.epam.cdp.cal.tests.SumCalculatorTest"/>
  <testcase name="onePlusTwoTest" time="0.005" classname="com.epam.cdp.cal.tests.SumCalculatorTest"/>
  <testcase name="onePlusTwoTest" time="0.510" classname="com.epam.cdp.cal.tests.SumCalculatorTest"/>
  <testcase name="onePlusTwoTest" time="0.525" classname="com.epam.cdp.cal.tests.SumCalculatorTest"/>
  <testcase name="onePlusTwoTest" time="0.514" classname="com.epam.cdp.cal.tests.SumCalculatorTest"/>
  <testcase name="onePlusTwoTest" time="0.515" classname="com.epam.cdp.cal.tests.SumCalculatorTest"/>
  <testcase name="onePlusTwoTest" time="0.000" classname="com.epam.cdp.cal.tests.SumCalculatorTest"/>
</testsuite> <!-- com.epam.cdp.cal.tests.SumCalculatorTest -->
