<?xml version="1.0" encoding="UTF-8"?>
<!-- Generated by org.testng.reporters.JUnitReportReporter -->
<testsuite skipped="0" hostname="Asus" name="com.epam.cdp.cal.tests.testng.negative.NegativeNumberTest" tests="4" failures="0" timestamp="05 Jun 2019 20:02:40 GMT" time="0.000" errors="0">
  <testcase name="numberIsNegativeTest" time="0.000" classname="com.epam.cdp.cal.tests.testng.negative.NegativeNumberTest"/>
  <testcase name="numberIsNegativeTest" time="0.000" classname="com.epam.cdp.cal.tests.testng.negative.NegativeNumberTest"/>
  <testcase name="numberIsNegativeTest" time="0.000" classname="com.epam.cdp.cal.tests.testng.negative.NegativeNumberTest"/>
  <testcase name="numberIsNegativeTest" time="0.000" classname="com.epam.cdp.cal.tests.testng.negative.NegativeNumberTest"/>
</testsuite> <!-- com.epam.cdp.cal.tests.testng.negative.NegativeNumberTest -->
