<?xml version="1.0" encoding="UTF-8"?>
<!-- Generated by org.testng.reporters.JUnitReportReporter -->
<testsuite skipped="0" hostname="Asus" name="com.epam.cdp.cal.tests.testng.positive.DivisionCalculatorTest" tests="8" failures="0" timestamp="05 Jun 2019 20:02:40 GMT" time="0.002" errors="0">
  <testcase name="divTest" time="0.000" classname="com.epam.cdp.cal.tests.testng.positive.DivisionCalculatorTest"/>
  <testcase name="divTest" time="0.000" classname="com.epam.cdp.cal.tests.testng.positive.DivisionCalculatorTest"/>
  <testcase name="divTest" time="0.000" classname="com.epam.cdp.cal.tests.testng.positive.DivisionCalculatorTest"/>
  <testcase name="divExceptionTest" time="0.001" classname="com.epam.cdp.cal.tests.testng.positive.DivisionCalculatorTest"/>
  <testcase name="divTest" time="0.000" classname="com.epam.cdp.cal.tests.testng.positive.DivisionCalculatorTest"/>
  <testcase name="divTest" time="0.001" classname="com.epam.cdp.cal.tests.testng.positive.DivisionCalculatorTest"/>
  <testcase name="divTest" time="0.000" classname="com.epam.cdp.cal.tests.testng.positive.DivisionCalculatorTest"/>
  <testcase name="divTest" time="0.000" classname="com.epam.cdp.cal.tests.testng.positive.DivisionCalculatorTest"/>
</testsuite> <!-- com.epam.cdp.cal.tests.testng.positive.DivisionCalculatorTest -->
