<?xml version="1.0" encoding="UTF-8"?>
<!-- Generated by org.testng.reporters.JUnitReportReporter -->
<testsuite skipped="0" hostname="EPBYMINW2706" name="com.epam.cdp.cal.tests.SinusCalculatorTest" tests="4" failures="0" timestamp="28 May 2019 10:34:47 GMT" time="0.000" errors="0">
  <testcase name="sinusTest" time="0.000" classname="com.epam.cdp.cal.tests.SinusCalculatorTest"/>
  <testcase name="sinusTest" time="0.000" classname="com.epam.cdp.cal.tests.SinusCalculatorTest"/>
  <testcase name="sinusTest" time="0.000" classname="com.epam.cdp.cal.tests.SinusCalculatorTest"/>
  <testcase name="sinusTest" time="0.000" classname="com.epam.cdp.cal.tests.SinusCalculatorTest"/>
</testsuite> <!-- com.epam.cdp.cal.tests.SinusCalculatorTest -->
