<?xml version="1.0" encoding="UTF-8"?>
<!-- Generated by org.testng.reporters.JUnitReportReporter -->
<testsuite skipped="0" hostname="Alehs-MBP-2.minsk.epam.com" name="com.epam.cdp.cal.SumCalTest" tests="4" failures="0" timestamp="20 Jun 2018 09:53:06 GMT" time="0.009" errors="0">
  <testcase name="onePlusTwoTest" time="0.006" classname="com.epam.cdp.cal.SumCalTest"/>
  <testcase name="onePlusTwoTest" time="0.001" classname="com.epam.cdp.cal.SumCalTest"/>
  <testcase name="onePlusTwoTest" time="0.001" classname="com.epam.cdp.cal.SumCalTest"/>
  <testcase name="onePlusTwoTest" time="0.001" classname="com.epam.cdp.cal.SumCalTest"/>
</testsuite> <!-- com.epam.cdp.cal.SumCalTest -->
