<?xml version="1.0" encoding="UTF-8"?>
<!-- Generated by org.testng.reporters.JUnitReportReporter -->
<testsuite skipped="0" hostname="EPBYMINW2706" name="com.epam.cdp.cal.tests.DivisionCalculatorTest" tests="8" failures="0" timestamp="28 May 2019 12:49:28 GMT" time="0.016" errors="0">
  <testcase name="divTest" time="0.000" classname="com.epam.cdp.cal.tests.DivisionCalculatorTest"/>
  <testcase name="divTest" time="0.000" classname="com.epam.cdp.cal.tests.DivisionCalculatorTest"/>
  <testcase name="divTest" time="0.000" classname="com.epam.cdp.cal.tests.DivisionCalculatorTest"/>
  <testcase name="divTest" time="0.000" classname="com.epam.cdp.cal.tests.DivisionCalculatorTest"/>
  <testcase name="divTest" time="0.000" classname="com.epam.cdp.cal.tests.DivisionCalculatorTest"/>
  <testcase name="divExceptionTest" time="0.016" classname="com.epam.cdp.cal.tests.DivisionCalculatorTest"/>
  <testcase name="divTest" time="0.000" classname="com.epam.cdp.cal.tests.DivisionCalculatorTest"/>
  <testcase name="divTest" time="0.000" classname="com.epam.cdp.cal.tests.DivisionCalculatorTest"/>
</testsuite> <!-- com.epam.cdp.cal.tests.DivisionCalculatorTest -->
