<?xml version="1.0" encoding="UTF-8"?>
<!-- Generated by org.testng.reporters.JUnitReportReporter -->
<testsuite skipped="0" hostname="Alehs-MBP-2.minsk.epam.com" name="com.epam.cdp.cal.SubCalTest" tests="1" failures="0" timestamp="20 Jun 2018 09:44:31 GMT" time="0.006" errors="0">
  <testcase name="twoMinusOne" time="0.006" classname="com.epam.cdp.cal.SubCalTest"/>
</testsuite> <!-- com.epam.cdp.cal.SubCalTest -->
