<?xml version="1.0" encoding="UTF-8"?>
<!-- Generated by org.testng.reporters.JUnitReportReporter -->
<testsuite skipped="0" hostname="Asus" name="com.epam.cdp.cal.tests.testng.positive.SumCalculatorTest" tests="8" failures="0" timestamp="05 Jun 2019 20:02:40 GMT" time="0.014" errors="0">
  <testcase name="onePlusTwoTest" time="0.002" classname="com.epam.cdp.cal.tests.testng.positive.SumCalculatorTest"/>
  <testcase name="onePlusTwoTest" time="0.000" classname="com.epam.cdp.cal.tests.testng.positive.SumCalculatorTest"/>
  <testcase name="onePlusTwoTest" time="0.012" classname="com.epam.cdp.cal.tests.testng.positive.SumCalculatorTest"/>
  <testcase name="onePlusTwoTest" time="0.000" classname="com.epam.cdp.cal.tests.testng.positive.SumCalculatorTest"/>
  <testcase name="onePlusTwoTest" time="0.000" classname="com.epam.cdp.cal.tests.testng.positive.SumCalculatorTest"/>
  <testcase name="onePlusTwoTest" time="0.000" classname="com.epam.cdp.cal.tests.testng.positive.SumCalculatorTest"/>
  <testcase name="onePlusTwoTest" time="0.000" classname="com.epam.cdp.cal.tests.testng.positive.SumCalculatorTest"/>
  <testcase name="onePlusTwoTest" time="0.000" classname="com.epam.cdp.cal.tests.testng.positive.SumCalculatorTest"/>
</testsuite> <!-- com.epam.cdp.cal.tests.testng.positive.SumCalculatorTest -->
