<?xml version="1.0" encoding="UTF-8"?>
<!-- Generated by org.testng.reporters.JUnitReportReporter -->
<testsuite skipped="0" hostname="EPBYMINW2706" name="com.epam.cdp.cal.tests.SubtractionCalculatorTest" tests="1" failures="0" timestamp="24 May 2019 11:56:43 GMT" time="0.000" errors="0">
  <testcase name="twoMinusOne" time="0.000" classname="com.epam.cdp.cal.tests.SubtractionCalculatorTest"/>
</testsuite> <!-- com.epam.cdp.cal.tests.SubtractionCalculatorTest -->
