<?xml version="1.0" encoding="UTF-8"?>
<!-- Generated by org.testng.reporters.JUnitReportReporter -->
<testsuite skipped="0" hostname="EPBYMINW2706" name="com.epam.cdp.cal.tests.DivisionCalculatorTest" tests="10" failures="0" timestamp="28 May 2019 10:34:47 GMT" time="0.000" errors="2">
  <testcase name="divTest" time="0.000" classname="com.epam.cdp.cal.tests.DivisionCalculatorTest">
    <error type="java.lang.NumberFormatException" message="Attempt to divide by zero">
      <![CDATA[java.lang.NumberFormatException: Attempt to divide by zero
at com.epam.tat.module4.Calculator.div(Calculator.java:34)
at com.epam.cdp.cal.tests.DivisionCalculatorTest.divTest(DivisionCalculatorTest.java:26)
at sun.reflect.NativeMethodAccessorImpl.invoke0(Native Method)
at sun.reflect.NativeMethodAccessorImpl.invoke(NativeMethodAccessorImpl.java:62)
at sun.reflect.DelegatingMethodAccessorImpl.invoke(DelegatingMethodAccessorImpl.java:43)
at java.lang.reflect.Method.invoke(Method.java:498)
at org.testng.internal.MethodInvocationHelper.invokeMethod(MethodInvocationHelper.java:124)
at org.testng.internal.Invoker.invokeMethod(Invoker.java:583)
at org.testng.internal.Invoker.invokeTestMethod(Invoker.java:719)
at org.testng.internal.Invoker.invokeTestMethods(Invoker.java:989)
at org.testng.internal.TestMethodWorker.invokeTestMethods(TestMethodWorker.java:125)
at org.testng.internal.TestMethodWorker.run(TestMethodWorker.java:109)
at java.util.concurrent.ThreadPoolExecutor.runWorker(ThreadPoolExecutor.java:1149)
at java.util.concurrent.ThreadPoolExecutor$Worker.run(ThreadPoolExecutor.java:624)
at java.lang.Thread.run(Thread.java:748)
]]>
    </error>
  </testcase> <!-- divTest -->
  <testcase name="divTest" time="0.000" classname="com.epam.cdp.cal.tests.DivisionCalculatorTest">
    <error type="java.lang.NumberFormatException" message="Attempt to divide by zero">
      <![CDATA[java.lang.NumberFormatException: Attempt to divide by zero
at com.epam.tat.module4.Calculator.div(Calculator.java:34)
at com.epam.cdp.cal.tests.DivisionCalculatorTest.divTest(DivisionCalculatorTest.java:26)
at sun.reflect.NativeMethodAccessorImpl.invoke0(Native Method)
at sun.reflect.NativeMethodAccessorImpl.invoke(NativeMethodAccessorImpl.java:62)
at sun.reflect.DelegatingMethodAccessorImpl.invoke(DelegatingMethodAccessorImpl.java:43)
at java.lang.reflect.Method.invoke(Method.java:498)
at org.testng.internal.MethodInvocationHelper.invokeMethod(MethodInvocationHelper.java:124)
at org.testng.internal.Invoker.invokeMethod(Invoker.java:583)
at org.testng.internal.Invoker.invokeTestMethod(Invoker.java:719)
at org.testng.internal.Invoker.invokeTestMethods(Invoker.java:989)
at org.testng.internal.TestMethodWorker.invokeTestMethods(TestMethodWorker.java:125)
at org.testng.internal.TestMethodWorker.run(TestMethodWorker.java:109)
at java.util.concurrent.ThreadPoolExecutor.runWorker(ThreadPoolExecutor.java:1149)
at java.util.concurrent.ThreadPoolExecutor$Worker.run(ThreadPoolExecutor.java:624)
at java.lang.Thread.run(Thread.java:748)
]]>
    </error>
  </testcase> <!-- divTest -->
  <testcase name="divTest" time="0.000" classname="com.epam.cdp.cal.tests.DivisionCalculatorTest"/>
  <testcase name="divTest" time="0.000" classname="com.epam.cdp.cal.tests.DivisionCalculatorTest"/>
  <testcase name="divTest" time="0.000" classname="com.epam.cdp.cal.tests.DivisionCalculatorTest"/>
  <testcase name="divTest" time="0.000" classname="com.epam.cdp.cal.tests.DivisionCalculatorTest"/>
  <testcase name="divTest" time="0.000" classname="com.epam.cdp.cal.tests.DivisionCalculatorTest"/>
  <testcase name="divTest" time="0.000" classname="com.epam.cdp.cal.tests.DivisionCalculatorTest"/>
  <testcase name="divExceptionTest" time="0.000" classname="com.epam.cdp.cal.tests.DivisionCalculatorTest"/>
  <testcase name="divTest" time="0.000" classname="com.epam.cdp.cal.tests.DivisionCalculatorTest"/>
</testsuite> <!-- com.epam.cdp.cal.tests.DivisionCalculatorTest -->
