<?xml version="1.0" encoding="UTF-8"?>
<!-- Generated by org.testng.reporters.JUnitReportReporter -->
<testsuite skipped="0" hostname="EPBYMINW2706" name="com.epam.cdp.cal.tests.PowerCalculatorTest" tests="4" failures="0" timestamp="27 May 2019 13:18:36 GMT" time="0.000" errors="0">
  <testcase name="powTest" time="0.000" classname="com.epam.cdp.cal.tests.PowerCalculatorTest"/>
  <testcase name="powTest" time="0.000" classname="com.epam.cdp.cal.tests.PowerCalculatorTest"/>
  <testcase name="powTest" time="0.000" classname="com.epam.cdp.cal.tests.PowerCalculatorTest"/>
  <testcase name="powTest" time="0.000" classname="com.epam.cdp.cal.tests.PowerCalculatorTest"/>
</testsuite> <!-- com.epam.cdp.cal.tests.PowerCalculatorTest -->
