<?xml version="1.0" encoding="UTF-8"?>
<!-- Generated by org.testng.reporters.JUnitReportReporter -->
<testsuite skipped="0" hostname="EPBYMINW2706" name="com.epam.cdp.cal.tests.PowCalculatorTest" tests="4" failures="0" timestamp="27 May 2019 12:38:58 GMT" time="0.000" errors="0">
  <testcase name="powTest" time="0.000" classname="com.epam.cdp.cal.tests.PowCalculatorTest"/>
  <testcase name="powTest" time="0.000" classname="com.epam.cdp.cal.tests.PowCalculatorTest"/>
  <testcase name="powTest" time="0.000" classname="com.epam.cdp.cal.tests.PowCalculatorTest"/>
  <testcase name="powTest" time="0.000" classname="com.epam.cdp.cal.tests.PowCalculatorTest"/>
</testsuite> <!-- com.epam.cdp.cal.tests.PowCalculatorTest -->
