<?xml version="1.0" encoding="UTF-8"?>
<!-- Generated by org.testng.reporters.JUnitReportReporter -->
<testsuite skipped="10" hostname="EPBYMINW2706" name="com.epam.cdp.cal.tests.SubtractionCalculatorTest" tests="11" failures="0" timestamp="28 May 2019 08:51:06 GMT" time="0.000" errors="1">
  <testcase name="minusTest" time="0.000" classname="com.epam.cdp.cal.tests.SubtractionCalculatorTest">
    <skipped/>
  </testcase> <!-- minusTest -->
  <testcase name="minusTest" time="0.000" classname="com.epam.cdp.cal.tests.SubtractionCalculatorTest">
    <skipped/>
  </testcase> <!-- minusTest -->
  <testcase name="minusTest" time="0.000" classname="com.epam.cdp.cal.tests.SubtractionCalculatorTest">
    <skipped/>
  </testcase> <!-- minusTest -->
  <testcase name="minusTest" time="0.000" classname="com.epam.cdp.cal.tests.SubtractionCalculatorTest">
    <skipped/>
  </testcase> <!-- minusTest -->
  <testcase name="setUp" time="0.000" classname="com.epam.cdp.cal.tests.SubtractionCalculatorTest">
    <error type="java.lang.NoClassDefFoundError" message="com/epam/tat/module4/Calculator">
      <![CDATA[java.lang.NoClassDefFoundError: com/epam/tat/module4/Calculator
at com.epam.cdp.cal.tests.BaseTest.setUp(BaseTest.java:16)
at sun.reflect.NativeMethodAccessorImpl.invoke0(Native Method)
at sun.reflect.NativeMethodAccessorImpl.invoke(NativeMethodAccessorImpl.java:62)
at sun.reflect.DelegatingMethodAccessorImpl.invoke(DelegatingMethodAccessorImpl.java:43)
at java.lang.reflect.Method.invoke(Method.java:498)
at org.testng.internal.MethodInvocationHelper.invokeMethod(MethodInvocationHelper.java:124)
at org.testng.internal.MethodInvocationHelper.invokeMethodConsideringTimeout(MethodInvocationHelper.java:59)
at org.testng.internal.Invoker.invokeConfigurationMethod(Invoker.java:458)
at org.testng.internal.Invoker.invokeConfigurations(Invoker.java:222)
at org.testng.internal.Invoker.invokeConfigurations(Invoker.java:142)
at org.testng.internal.TestMethodWorker.invokeBeforeClassMethods(TestMethodWorker.java:168)
at org.testng.internal.TestMethodWorker.run(TestMethodWorker.java:105)
at org.testng.TestRunner.privateRun(TestRunner.java:648)
at org.testng.TestRunner.run(TestRunner.java:505)
at org.testng.SuiteRunner.runTest(SuiteRunner.java:455)
at org.testng.SuiteRunner.runSequentially(SuiteRunner.java:450)
at org.testng.SuiteRunner.privateRun(SuiteRunner.java:415)
at org.testng.SuiteRunner.run(SuiteRunner.java:364)
at org.testng.SuiteRunnerWorker.runSuite(SuiteRunnerWorker.java:52)
at org.testng.SuiteRunnerWorker.run(SuiteRunnerWorker.java:84)
at org.testng.TestNG.runSuitesSequentially(TestNG.java:1208)
at org.testng.TestNG.runSuitesLocally(TestNG.java:1137)
at org.testng.TestNG.runSuites(TestNG.java:1049)
at org.testng.TestNG.run(TestNG.java:1017)
at org.apache.maven.surefire.testng.TestNGExecutor.run(TestNGExecutor.java:77)
at org.apache.maven.surefire.testng.TestNGDirectoryTestSuite.executeMulti(TestNGDirectoryTestSuite.java:159)
at org.apache.maven.surefire.testng.TestNGDirectoryTestSuite.execute(TestNGDirectoryTestSuite.java:99)
at org.apache.maven.surefire.testng.TestNGProvider.invoke(TestNGProvider.java:106)
at sun.reflect.NativeMethodAccessorImpl.invoke0(Native Method)
at sun.reflect.NativeMethodAccessorImpl.invoke(NativeMethodAccessorImpl.java:62)
at sun.reflect.DelegatingMethodAccessorImpl.invoke(DelegatingMethodAccessorImpl.java:43)
at java.lang.reflect.Method.invoke(Method.java:498)
at org.apache.maven.surefire.util.ReflectionUtils.invokeMethodWithArray(ReflectionUtils.java:189)
at org.apache.maven.surefire.booter.ProviderFactory$ProviderProxy.invoke(ProviderFactory.java:165)
at org.apache.maven.surefire.booter.ProviderFactory.invokeProvider(ProviderFactory.java:85)
at org.apache.maven.surefire.booter.ForkedBooter.runSuitesInProcess(ForkedBooter.java:115)
at org.apache.maven.surefire.booter.ForkedBooter.main(ForkedBooter.java:75)
]]>
    </error>
  </testcase> <!-- setUp -->
  <testcase name="minusTest" time="0.000" classname="com.epam.cdp.cal.tests.SubtractionCalculatorTest">
    <skipped/>
  </testcase> <!-- minusTest -->
  <testcase name="minusTest" time="0.000" classname="com.epam.cdp.cal.tests.SubtractionCalculatorTest">
    <skipped/>
  </testcase> <!-- minusTest -->
  <testcase name="minusTest" time="0.000" classname="com.epam.cdp.cal.tests.SubtractionCalculatorTest">
    <skipped/>
  </testcase> <!-- minusTest -->
  <testcase name="minusTest" time="0.000" classname="com.epam.cdp.cal.tests.SubtractionCalculatorTest">
    <skipped/>
  </testcase> <!-- minusTest -->
  <testcase name="twoMinusOne" time="0.000" classname="com.epam.cdp.cal.tests.SubtractionCalculatorTest">
    <skipped/>
  </testcase> <!-- twoMinusOne -->
  <testcase name="minusTest" time="0.000" classname="com.epam.cdp.cal.tests.SubtractionCalculatorTest">
    <skipped/>
  </testcase> <!-- minusTest -->
</testsuite> <!-- com.epam.cdp.cal.tests.SubtractionCalculatorTest -->
